[35m[Appium][39m Welcome to Appium v1.22.3
[35m[Appium][39m Non-default server args:
[35m[Appium][39m   port: 61787
[35m[Appium][39m   loglevel: info
[35m[Appium][39m   tmpDir: C:\Users\sugih\AppData\Local\Temp\\Katalon\Appium\Temp1653965129823
[35m[Appium][39m   chromedriverPort: 61788
[35m[Appium][39m Deprecated server args:
[35m[Appium][39m   [31m--chromedriver-port[39m => --default-capabilities
[35m[Appium][39m Default capabilities, which will be added to each request unless overridden by desired capabilities:
[35m[Appium][39m   chromedriverPort: 61788
[35m[Appium][39m Appium REST http interface listener started on 0.0.0.0:61787
[35m[HTTP][39m [37m-->[39m [37mGET[39m [37m/wd/hub/status[39m
[35m[HTTP][39m [90m{}[39m
[35m[HTTP][39m [37m<-- GET /wd/hub/status [39m[32m200[39m [90m10 ms - 68[39m
[35m[HTTP][39m [90m[39m
[35m[HTTP][39m [37m-->[39m [37mGET[39m [37m/wd/hub/status[39m
[35m[HTTP][39m [90m{}[39m
[35m[HTTP][39m [37m<-- GET /wd/hub/status [39m[32m200[39m [90m2 ms - 68[39m
[35m[HTTP][39m [90m[39m
[35m[HTTP][39m [37m-->[39m [37mPOST[39m [37m/wd/hub/session[39m
[35m[HTTP][39m [90m{"desiredCapabilities":{"appPackage":"com.android.settings","appWaitActivity":"*","deviceId":"","deviceName":"realme RMX3195 (Android 11)","platform":"ANDROID","appActivity":".Settings","newCommandTimeout":1800,"platformVersion":"11","automationName":"uiautomator2","autoGrantPermissions":true,"platformName":"Android","udid":"Z94HTGWCNZDMTGIR","systemPort":8273},"capabilities":{"firstMatch":[{"appium:appActivity":".Settings","appium:appPackage":"com.android.settings","appium:appWaitActivity":"*","appium:autoGrantPermissions":true,"appium:automationName":"uiautomator2","deviceId":"","appium:deviceName":"realme RMX3195 (Android 11)","appium:newCommandTimeout":1800,"platform":"ANDROID","platformName":"android","appium:platformVersion":"11","appium:systemPort":8273,"appium:udid":"Z94HTGWCNZDMTGIR"}]}}[39m
[35m[BaseDriver][39m The following capabilities are not standard capabilities and should have an extension prefix:
[35m[BaseDriver][39m   deviceId
[35m[BaseDriver][39m   platform
[35m[BaseDriver][39m   chromedriverPort
[35m[Appium][39m Appium v1.22.3 creating new AndroidUiautomator2Driver (v1.70.1) session
[35m[BaseDriver][39m The following capabilities were provided, but are not recognized by Appium:
[35m[BaseDriver][39m   deviceId
[35m[BaseDriver][39m   platform
[35m[BaseDriver][39m Session created with session id: 7f854f77-1e2c-460e-8904-4a9796efa197
[35m[UiAutomator2][39m Starting 'com.android.settings' directly on the device
[35m[ADB][39m Found 1 'build-tools' folders under 'C:\Users\sugih\.katalon\tools\android_sdk' (newest first):
[35m[ADB][39m     C:/Users/sugih/.katalon/tools/android_sdk/build-tools/29.0.3
[35m[ADB][39m Using 'adb.exe' from 'C:\Users\sugih\.katalon\tools\android_sdk\platform-tools\adb.exe'
[35m[AndroidDriver][39m Retrieving device list
[35m[AndroidDriver][39m Using device: Z94HTGWCNZDMTGIR
[35m[ADB][39m Using 'adb.exe' from 'C:\Users\sugih\.katalon\tools\android_sdk\platform-tools\adb.exe'
[35m[ADB][39m Getting device platform version
[35m[UiAutomator2][39m Relaxing hidden api policy
[35m[UiAutomator2][39m Unable to remove system port forward: Error executing adbExec. Original error: 'Command 'C:\\Users\\sugih\\.katalon\\tools\\android_sdk\\platform-tools\\adb.exe -P 5037 -s Z94HTGWCNZDMTGIR forward --remove tcp\:8273' exited with code 1'; Command output: adb.exe: error: listener 'tcp:8273' not found
[35m[UiAutomator2][39m 
[35m[UiAutomator2][39m Restoring hidden api policy to the device default configuration
[35m[HTTP][39m [37m<-- POST /wd/hub/session [39m[31m500[39m [90m11287 ms - 10377[39m
[35m[HTTP][39m [90m[39m
